19-Feb-2020 21:38:54.898 INFO [main] org.apache.catalina.startup.VersionLoggerListener.log Server version name:   Apache Tomcat/9.0.31
19-Feb-2020 21:38:54.902 INFO [main] org.apache.catalina.startup.VersionLoggerListener.log Server built:          Feb 5 2020 19:32:12 UTC
19-Feb-2020 21:38:54.902 INFO [main] org.apache.catalina.startup.VersionLoggerListener.log Server version number: 9.0.31.0
19-Feb-2020 21:38:54.902 INFO [main] org.apache.catalina.startup.VersionLoggerListener.log OS Name:               Linux
19-Feb-2020 21:38:54.902 INFO [main] org.apache.catalina.startup.VersionLoggerListener.log OS Version:            5.3.0-28-generic
19-Feb-2020 21:38:54.902 INFO [main] org.apache.catalina.startup.VersionLoggerListener.log Architecture:          amd64
19-Feb-2020 21:38:54.902 INFO [main] org.apache.catalina.startup.VersionLoggerListener.log Java Home:             /home/siarhei/.sdkman/candidates/java/jdk1.8.0_231/jre
19-Feb-2020 21:38:54.902 INFO [main] org.apache.catalina.startup.VersionLoggerListener.log JVM Version:           1.8.0_231-b11
19-Feb-2020 21:38:54.902 INFO [main] org.apache.catalina.startup.VersionLoggerListener.log JVM Vendor:            Oracle Corporation
19-Feb-2020 21:38:54.902 INFO [main] org.apache.catalina.startup.VersionLoggerListener.log CATALINA_BASE:         /home/siarhei/Projects/bugofnet/site/localhost/apache-tomcat-9.0.31
19-Feb-2020 21:38:54.902 INFO [main] org.apache.catalina.startup.VersionLoggerListener.log CATALINA_HOME:         /home/siarhei/Projects/bugofnet/site/localhost/apache-tomcat-9.0.31
19-Feb-2020 21:38:54.906 INFO [main] org.apache.catalina.startup.VersionLoggerListener.log Command line argument: -Djava.util.logging.config.file=/home/siarhei/Projects/bugofnet/site/localhost/apache-tomcat-9.0.31/conf/logging.properties
19-Feb-2020 21:38:54.906 INFO [main] org.apache.catalina.startup.VersionLoggerListener.log Command line argument: -Djava.util.logging.manager=org.apache.juli.ClassLoaderLogManager
19-Feb-2020 21:38:54.906 INFO [main] org.apache.catalina.startup.VersionLoggerListener.log Command line argument: -Djdk.tls.ephemeralDHKeySize=2048
19-Feb-2020 21:38:54.906 INFO [main] org.apache.catalina.startup.VersionLoggerListener.log Command line argument: -Djava.protocol.handler.pkgs=org.apache.catalina.webresources
19-Feb-2020 21:38:54.906 INFO [main] org.apache.catalina.startup.VersionLoggerListener.log Command line argument: -Dorg.apache.catalina.security.SecurityListener.UMASK=0027
19-Feb-2020 21:38:54.906 INFO [main] org.apache.catalina.startup.VersionLoggerListener.log Command line argument: -Dignore.endorsed.dirs=
19-Feb-2020 21:38:54.906 INFO [main] org.apache.catalina.startup.VersionLoggerListener.log Command line argument: -Dcatalina.base=/home/siarhei/Projects/bugofnet/site/localhost/apache-tomcat-9.0.31
19-Feb-2020 21:38:54.906 INFO [main] org.apache.catalina.startup.VersionLoggerListener.log Command line argument: -Dcatalina.home=/home/siarhei/Projects/bugofnet/site/localhost/apache-tomcat-9.0.31
19-Feb-2020 21:38:54.906 INFO [main] org.apache.catalina.startup.VersionLoggerListener.log Command line argument: -Djava.io.tmpdir=/home/siarhei/Projects/bugofnet/site/localhost/apache-tomcat-9.0.31/temp
19-Feb-2020 21:38:54.907 INFO [main] org.apache.catalina.core.AprLifecycleListener.lifecycleEvent The APR based Apache Tomcat Native library which allows optimal performance in production environments was not found on the java.library.path: [/usr/java/packages/lib/amd64:/usr/lib64:/lib64:/lib:/usr/lib]
19-Feb-2020 21:38:55.181 INFO [main] org.apache.coyote.AbstractProtocol.init Initializing ProtocolHandler ["http-nio-8080"]
19-Feb-2020 21:38:55.200 INFO [main] org.apache.catalina.startup.Catalina.load Server initialization in [466] milliseconds
19-Feb-2020 21:38:55.219 INFO [main] org.apache.catalina.core.StandardService.startInternal Starting service [Catalina]
19-Feb-2020 21:38:55.219 INFO [main] org.apache.catalina.core.StandardEngine.startInternal Starting Servlet engine: [Apache Tomcat/9.0.31]
19-Feb-2020 21:38:55.225 INFO [main] org.apache.catalina.startup.HostConfig.deployDirectory Deploying web application directory [/home/siarhei/Projects/bugofnet/site/localhost/apache-tomcat-9.0.31/webapps/ROOT]
19-Feb-2020 21:38:55.404 INFO [main] org.apache.catalina.startup.HostConfig.deployDirectory Deployment of web application directory [/home/siarhei/Projects/bugofnet/site/localhost/apache-tomcat-9.0.31/webapps/ROOT] has finished in [180] ms
19-Feb-2020 21:38:55.407 INFO [main] org.apache.coyote.AbstractProtocol.start Starting ProtocolHandler ["http-nio-8080"]
19-Feb-2020 21:38:55.415 INFO [main] org.apache.catalina.startup.Catalina.start Server startup in [215] milliseconds
19-Feb-2020 23:14:24.005 INFO [main] org.apache.catalina.core.StandardServer.await A valid shutdown command was received via the shutdown port. Stopping the Server instance.
19-Feb-2020 23:14:24.005 INFO [main] org.apache.coyote.AbstractProtocol.pause Pausing ProtocolHandler ["http-nio-8080"]
19-Feb-2020 23:14:24.013 INFO [main] org.apache.catalina.core.StandardService.stopInternal Stopping service [Catalina]
19-Feb-2020 23:14:24.022 INFO [main] org.apache.coyote.AbstractProtocol.stop Stopping ProtocolHandler ["http-nio-8080"]
19-Feb-2020 23:14:24.023 INFO [main] org.apache.coyote.AbstractProtocol.destroy Destroying ProtocolHandler ["http-nio-8080"]
19-Feb-2020 23:22:38.978 INFO [main] org.apache.catalina.startup.VersionLoggerListener.log Server version name:   Apache Tomcat/9.0.31
19-Feb-2020 23:22:38.979 INFO [main] org.apache.catalina.startup.VersionLoggerListener.log Server built:          Feb 5 2020 19:32:12 UTC
19-Feb-2020 23:22:38.982 INFO [main] org.apache.catalina.startup.VersionLoggerListener.log Server version number: 9.0.31.0
19-Feb-2020 23:22:38.982 INFO [main] org.apache.catalina.startup.VersionLoggerListener.log OS Name:               Linux
19-Feb-2020 23:22:38.982 INFO [main] org.apache.catalina.startup.VersionLoggerListener.log OS Version:            5.3.0-28-generic
19-Feb-2020 23:22:38.982 INFO [main] org.apache.catalina.startup.VersionLoggerListener.log Architecture:          amd64
19-Feb-2020 23:22:38.982 INFO [main] org.apache.catalina.startup.VersionLoggerListener.log Java Home:             /home/siarhei/.sdkman/candidates/java/jdk1.8.0_231/jre
19-Feb-2020 23:22:38.982 INFO [main] org.apache.catalina.startup.VersionLoggerListener.log JVM Version:           1.8.0_231-b11
19-Feb-2020 23:22:38.982 INFO [main] org.apache.catalina.startup.VersionLoggerListener.log JVM Vendor:            Oracle Corporation
19-Feb-2020 23:22:38.982 INFO [main] org.apache.catalina.startup.VersionLoggerListener.log CATALINA_BASE:         /home/siarhei/Projects/bugofnet/site/localhost/apache-tomcat-9.0.31
19-Feb-2020 23:22:38.983 INFO [main] org.apache.catalina.startup.VersionLoggerListener.log CATALINA_HOME:         /home/siarhei/Projects/bugofnet/site/localhost/apache-tomcat-9.0.31
19-Feb-2020 23:22:38.983 INFO [main] org.apache.catalina.startup.VersionLoggerListener.log Command line argument: -Djava.util.logging.config.file=/home/siarhei/Projects/bugofnet/site/localhost/apache-tomcat-9.0.31/conf/logging.properties
19-Feb-2020 23:22:38.983 INFO [main] org.apache.catalina.startup.VersionLoggerListener.log Command line argument: -Djava.util.logging.manager=org.apache.juli.ClassLoaderLogManager
19-Feb-2020 23:22:38.983 INFO [main] org.apache.catalina.startup.VersionLoggerListener.log Command line argument: -Djdk.tls.ephemeralDHKeySize=2048
19-Feb-2020 23:22:38.983 INFO [main] org.apache.catalina.startup.VersionLoggerListener.log Command line argument: -Djava.protocol.handler.pkgs=org.apache.catalina.webresources
19-Feb-2020 23:22:38.983 INFO [main] org.apache.catalina.startup.VersionLoggerListener.log Command line argument: -Dorg.apache.catalina.security.SecurityListener.UMASK=0027
19-Feb-2020 23:22:38.983 INFO [main] org.apache.catalina.startup.VersionLoggerListener.log Command line argument: -Dignore.endorsed.dirs=
19-Feb-2020 23:22:38.984 INFO [main] org.apache.catalina.startup.VersionLoggerListener.log Command line argument: -Dcatalina.base=/home/siarhei/Projects/bugofnet/site/localhost/apache-tomcat-9.0.31
19-Feb-2020 23:22:38.984 INFO [main] org.apache.catalina.startup.VersionLoggerListener.log Command line argument: -Dcatalina.home=/home/siarhei/Projects/bugofnet/site/localhost/apache-tomcat-9.0.31
19-Feb-2020 23:22:38.984 INFO [main] org.apache.catalina.startup.VersionLoggerListener.log Command line argument: -Djava.io.tmpdir=/home/siarhei/Projects/bugofnet/site/localhost/apache-tomcat-9.0.31/temp
19-Feb-2020 23:22:38.984 INFO [main] org.apache.catalina.core.AprLifecycleListener.lifecycleEvent The APR based Apache Tomcat Native library which allows optimal performance in production environments was not found on the java.library.path: [/usr/java/packages/lib/amd64:/usr/lib64:/lib64:/lib:/usr/lib]
19-Feb-2020 23:22:39.198 INFO [main] org.apache.coyote.AbstractProtocol.init Initializing ProtocolHandler ["http-nio-8080"]
19-Feb-2020 23:22:39.216 INFO [main] org.apache.catalina.startup.Catalina.load Server initialization in [369] milliseconds
19-Feb-2020 23:22:39.235 INFO [main] org.apache.catalina.core.StandardService.startInternal Starting service [Catalina]
19-Feb-2020 23:22:39.235 INFO [main] org.apache.catalina.core.StandardEngine.startInternal Starting Servlet engine: [Apache Tomcat/9.0.31]
19-Feb-2020 23:22:39.240 INFO [main] org.apache.catalina.startup.HostConfig.deployDirectory Deploying web application directory [/home/siarhei/Projects/bugofnet/site/localhost/apache-tomcat-9.0.31/webapps/ROOT]
19-Feb-2020 23:22:39.425 INFO [main] org.apache.catalina.startup.HostConfig.deployDirectory Deployment of web application directory [/home/siarhei/Projects/bugofnet/site/localhost/apache-tomcat-9.0.31/webapps/ROOT] has finished in [185] ms
19-Feb-2020 23:22:39.428 INFO [main] org.apache.coyote.AbstractProtocol.start Starting ProtocolHandler ["http-nio-8080"]
19-Feb-2020 23:22:39.434 INFO [main] org.apache.catalina.startup.Catalina.start Server startup in [217] milliseconds
19-Feb-2020 23:35:40.316 INFO [main] org.apache.catalina.core.StandardServer.await A valid shutdown command was received via the shutdown port. Stopping the Server instance.
19-Feb-2020 23:35:40.316 INFO [main] org.apache.coyote.AbstractProtocol.pause Pausing ProtocolHandler ["http-nio-8080"]
19-Feb-2020 23:35:40.324 INFO [main] org.apache.catalina.core.StandardService.stopInternal Stopping service [Catalina]
19-Feb-2020 23:35:40.331 INFO [main] org.apache.coyote.AbstractProtocol.stop Stopping ProtocolHandler ["http-nio-8080"]
19-Feb-2020 23:35:40.332 INFO [main] org.apache.coyote.AbstractProtocol.destroy Destroying ProtocolHandler ["http-nio-8080"]
19-Feb-2020 23:35:51.190 INFO [main] org.apache.catalina.startup.VersionLoggerListener.log Server version name:   Apache Tomcat/9.0.31
19-Feb-2020 23:35:51.192 INFO [main] org.apache.catalina.startup.VersionLoggerListener.log Server built:          Feb 5 2020 19:32:12 UTC
19-Feb-2020 23:35:51.192 INFO [main] org.apache.catalina.startup.VersionLoggerListener.log Server version number: 9.0.31.0
19-Feb-2020 23:35:51.192 INFO [main] org.apache.catalina.startup.VersionLoggerListener.log OS Name:               Linux
19-Feb-2020 23:35:51.192 INFO [main] org.apache.catalina.startup.VersionLoggerListener.log OS Version:            5.3.0-28-generic
19-Feb-2020 23:35:51.192 INFO [main] org.apache.catalina.startup.VersionLoggerListener.log Architecture:          amd64
19-Feb-2020 23:35:51.192 INFO [main] org.apache.catalina.startup.VersionLoggerListener.log Java Home:             /home/siarhei/.sdkman/candidates/java/jdk1.8.0_231/jre
19-Feb-2020 23:35:51.192 INFO [main] org.apache.catalina.startup.VersionLoggerListener.log JVM Version:           1.8.0_231-b11
19-Feb-2020 23:35:51.192 INFO [main] org.apache.catalina.startup.VersionLoggerListener.log JVM Vendor:            Oracle Corporation
19-Feb-2020 23:35:51.192 INFO [main] org.apache.catalina.startup.VersionLoggerListener.log CATALINA_BASE:         /home/siarhei/Projects/bugofnet/site/localhost/apache-tomcat-9.0.31
19-Feb-2020 23:35:51.192 INFO [main] org.apache.catalina.startup.VersionLoggerListener.log CATALINA_HOME:         /home/siarhei/Projects/bugofnet/site/localhost/apache-tomcat-9.0.31
19-Feb-2020 23:35:51.193 INFO [main] org.apache.catalina.startup.VersionLoggerListener.log Command line argument: -Djava.util.logging.config.file=/home/siarhei/Projects/bugofnet/site/localhost/apache-tomcat-9.0.31/conf/logging.properties
19-Feb-2020 23:35:51.193 INFO [main] org.apache.catalina.startup.VersionLoggerListener.log Command line argument: -Djava.util.logging.manager=org.apache.juli.ClassLoaderLogManager
19-Feb-2020 23:35:51.193 INFO [main] org.apache.catalina.startup.VersionLoggerListener.log Command line argument: -Djdk.tls.ephemeralDHKeySize=2048
19-Feb-2020 23:35:51.193 INFO [main] org.apache.catalina.startup.VersionLoggerListener.log Command line argument: -Djava.protocol.handler.pkgs=org.apache.catalina.webresources
19-Feb-2020 23:35:51.193 INFO [main] org.apache.catalina.startup.VersionLoggerListener.log Command line argument: -Dorg.apache.catalina.security.SecurityListener.UMASK=0027
19-Feb-2020 23:35:51.193 INFO [main] org.apache.catalina.startup.VersionLoggerListener.log Command line argument: -Dignore.endorsed.dirs=
19-Feb-2020 23:35:51.194 INFO [main] org.apache.catalina.startup.VersionLoggerListener.log Command line argument: -Dcatalina.base=/home/siarhei/Projects/bugofnet/site/localhost/apache-tomcat-9.0.31
19-Feb-2020 23:35:51.194 INFO [main] org.apache.catalina.startup.VersionLoggerListener.log Command line argument: -Dcatalina.home=/home/siarhei/Projects/bugofnet/site/localhost/apache-tomcat-9.0.31
19-Feb-2020 23:35:51.194 INFO [main] org.apache.catalina.startup.VersionLoggerListener.log Command line argument: -Djava.io.tmpdir=/home/siarhei/Projects/bugofnet/site/localhost/apache-tomcat-9.0.31/temp
19-Feb-2020 23:35:51.194 INFO [main] org.apache.catalina.core.AprLifecycleListener.lifecycleEvent The APR based Apache Tomcat Native library which allows optimal performance in production environments was not found on the java.library.path: [/usr/java/packages/lib/amd64:/usr/lib64:/lib64:/lib:/usr/lib]
19-Feb-2020 23:35:51.396 INFO [main] org.apache.coyote.AbstractProtocol.init Initializing ProtocolHandler ["http-nio-80"]
19-Feb-2020 23:35:51.403 SEVERE [main] org.apache.catalina.util.LifecycleBase.handleSubClassException Failed to initialize component [Connector[HTTP/1.1-80]]
	org.apache.catalina.LifecycleException: Protocol handler initialization failed
		at org.apache.catalina.connector.Connector.initInternal(Connector.java:1013)
		at org.apache.catalina.util.LifecycleBase.init(LifecycleBase.java:136)
		at org.apache.catalina.core.StandardService.initInternal(StandardService.java:533)
		at org.apache.catalina.util.LifecycleBase.init(LifecycleBase.java:136)
		at org.apache.catalina.core.StandardServer.initInternal(StandardServer.java:1057)
		at org.apache.catalina.util.LifecycleBase.init(LifecycleBase.java:136)
		at org.apache.catalina.startup.Catalina.load(Catalina.java:584)
		at org.apache.catalina.startup.Catalina.load(Catalina.java:607)
		at sun.reflect.NativeMethodAccessorImpl.invoke0(Native Method)
		at sun.reflect.NativeMethodAccessorImpl.invoke(NativeMethodAccessorImpl.java:62)
		at sun.reflect.DelegatingMethodAccessorImpl.invoke(DelegatingMethodAccessorImpl.java:43)
		at java.lang.reflect.Method.invoke(Method.java:498)
		at org.apache.catalina.startup.Bootstrap.load(Bootstrap.java:303)
		at org.apache.catalina.startup.Bootstrap.main(Bootstrap.java:473)
	Caused by: java.net.SocketException: Permission denied
		at sun.nio.ch.Net.bind0(Native Method)
		at sun.nio.ch.Net.bind(Net.java:433)
		at sun.nio.ch.Net.bind(Net.java:425)
		at sun.nio.ch.ServerSocketChannelImpl.bind(ServerSocketChannelImpl.java:223)
		at sun.nio.ch.ServerSocketAdaptor.bind(ServerSocketAdaptor.java:74)
		at org.apache.tomcat.util.net.NioEndpoint.initServerSocket(NioEndpoint.java:229)
		at org.apache.tomcat.util.net.NioEndpoint.bind(NioEndpoint.java:212)
		at org.apache.tomcat.util.net.AbstractEndpoint.bindWithCleanup(AbstractEndpoint.java:1141)
		at org.apache.tomcat.util.net.AbstractEndpoint.init(AbstractEndpoint.java:1154)
		at org.apache.coyote.AbstractProtocol.init(AbstractProtocol.java:581)
		at org.apache.coyote.http11.AbstractHttp11Protocol.init(AbstractHttp11Protocol.java:74)
		at org.apache.catalina.connector.Connector.initInternal(Connector.java:1010)
		... 13 more
19-Feb-2020 23:35:51.404 INFO [main] org.apache.catalina.startup.Catalina.load Server initialization in [335] milliseconds
19-Feb-2020 23:35:51.421 INFO [main] org.apache.catalina.core.StandardService.startInternal Starting service [Catalina]
19-Feb-2020 23:35:51.421 INFO [main] org.apache.catalina.core.StandardEngine.startInternal Starting Servlet engine: [Apache Tomcat/9.0.31]
19-Feb-2020 23:35:51.428 INFO [main] org.apache.catalina.startup.HostConfig.deployDirectory Deploying web application directory [/home/siarhei/Projects/bugofnet/site/localhost/apache-tomcat-9.0.31/webapps/ROOT]
19-Feb-2020 23:35:51.587 INFO [main] org.apache.catalina.startup.HostConfig.deployDirectory Deployment of web application directory [/home/siarhei/Projects/bugofnet/site/localhost/apache-tomcat-9.0.31/webapps/ROOT] has finished in [159] ms
19-Feb-2020 23:35:51.590 INFO [main] org.apache.catalina.startup.Catalina.start Server startup in [185] milliseconds
19-Feb-2020 23:37:36.497 INFO [main] org.apache.catalina.core.StandardServer.await A valid shutdown command was received via the shutdown port. Stopping the Server instance.
19-Feb-2020 23:37:36.498 INFO [main] org.apache.coyote.AbstractProtocol.pause Pausing ProtocolHandler ["http-nio-80"]
19-Feb-2020 23:37:36.498 INFO [main] org.apache.catalina.core.StandardService.stopInternal Stopping service [Catalina]
19-Feb-2020 23:37:36.504 INFO [main] org.apache.coyote.AbstractProtocol.stop Stopping ProtocolHandler ["http-nio-80"]
19-Feb-2020 23:37:36.505 INFO [main] org.apache.coyote.AbstractProtocol.destroy Destroying ProtocolHandler ["http-nio-80"]
19-Feb-2020 23:37:51.411 INFO [main] org.apache.catalina.startup.VersionLoggerListener.log Server version name:   Apache Tomcat/9.0.31
19-Feb-2020 23:37:51.412 INFO [main] org.apache.catalina.startup.VersionLoggerListener.log Server built:          Feb 5 2020 19:32:12 UTC
19-Feb-2020 23:37:51.412 INFO [main] org.apache.catalina.startup.VersionLoggerListener.log Server version number: 9.0.31.0
19-Feb-2020 23:37:51.412 INFO [main] org.apache.catalina.startup.VersionLoggerListener.log OS Name:               Linux
19-Feb-2020 23:37:51.412 INFO [main] org.apache.catalina.startup.VersionLoggerListener.log OS Version:            5.3.0-28-generic
19-Feb-2020 23:37:51.412 INFO [main] org.apache.catalina.startup.VersionLoggerListener.log Architecture:          amd64
19-Feb-2020 23:37:51.412 INFO [main] org.apache.catalina.startup.VersionLoggerListener.log Java Home:             /usr/lib/jvm/java-8-openjdk-amd64/jre
19-Feb-2020 23:37:51.412 INFO [main] org.apache.catalina.startup.VersionLoggerListener.log JVM Version:           1.8.0_242-8u242-b08-0ubuntu3~18.04-b08
19-Feb-2020 23:37:51.412 INFO [main] org.apache.catalina.startup.VersionLoggerListener.log JVM Vendor:            Private Build
19-Feb-2020 23:37:51.412 INFO [main] org.apache.catalina.startup.VersionLoggerListener.log CATALINA_BASE:         /home/siarhei/Projects/bugofnet/site/localhost/apache-tomcat-9.0.31
19-Feb-2020 23:37:51.413 INFO [main] org.apache.catalina.startup.VersionLoggerListener.log CATALINA_HOME:         /home/siarhei/Projects/bugofnet/site/localhost/apache-tomcat-9.0.31
19-Feb-2020 23:37:51.418 INFO [main] org.apache.catalina.startup.VersionLoggerListener.log Command line argument: -Djava.util.logging.config.file=/home/siarhei/Projects/bugofnet/site/localhost/apache-tomcat-9.0.31/conf/logging.properties
19-Feb-2020 23:37:51.418 INFO [main] org.apache.catalina.startup.VersionLoggerListener.log Command line argument: -Djava.util.logging.manager=org.apache.juli.ClassLoaderLogManager
19-Feb-2020 23:37:51.418 INFO [main] org.apache.catalina.startup.VersionLoggerListener.log Command line argument: -Djdk.tls.ephemeralDHKeySize=2048
19-Feb-2020 23:37:51.418 INFO [main] org.apache.catalina.startup.VersionLoggerListener.log Command line argument: -Djava.protocol.handler.pkgs=org.apache.catalina.webresources
19-Feb-2020 23:37:51.418 INFO [main] org.apache.catalina.startup.VersionLoggerListener.log Command line argument: -Dorg.apache.catalina.security.SecurityListener.UMASK=0027
19-Feb-2020 23:37:51.418 INFO [main] org.apache.catalina.startup.VersionLoggerListener.log Command line argument: -Dignore.endorsed.dirs=
19-Feb-2020 23:37:51.418 INFO [main] org.apache.catalina.startup.VersionLoggerListener.log Command line argument: -Dcatalina.base=/home/siarhei/Projects/bugofnet/site/localhost/apache-tomcat-9.0.31
19-Feb-2020 23:37:51.418 INFO [main] org.apache.catalina.startup.VersionLoggerListener.log Command line argument: -Dcatalina.home=/home/siarhei/Projects/bugofnet/site/localhost/apache-tomcat-9.0.31
19-Feb-2020 23:37:51.419 INFO [main] org.apache.catalina.startup.VersionLoggerListener.log Command line argument: -Djava.io.tmpdir=/home/siarhei/Projects/bugofnet/site/localhost/apache-tomcat-9.0.31/temp
19-Feb-2020 23:37:51.419 INFO [main] org.apache.catalina.core.AprLifecycleListener.lifecycleEvent The APR based Apache Tomcat Native library which allows optimal performance in production environments was not found on the java.library.path: [/usr/java/packages/lib/amd64:/usr/lib/x86_64-linux-gnu/jni:/lib/x86_64-linux-gnu:/usr/lib/x86_64-linux-gnu:/usr/lib/jni:/lib:/usr/lib]
19-Feb-2020 23:37:51.662 INFO [main] org.apache.coyote.AbstractProtocol.init Initializing ProtocolHandler ["http-nio-80"]
19-Feb-2020 23:37:51.724 INFO [main] org.apache.catalina.startup.Catalina.load Server initialization in [475] milliseconds
19-Feb-2020 23:37:51.746 INFO [main] org.apache.catalina.core.StandardService.startInternal Starting service [Catalina]
19-Feb-2020 23:37:51.746 INFO [main] org.apache.catalina.core.StandardEngine.startInternal Starting Servlet engine: [Apache Tomcat/9.0.31]
19-Feb-2020 23:37:51.753 INFO [main] org.apache.catalina.startup.HostConfig.deployDirectory Deploying web application directory [/home/siarhei/Projects/bugofnet/site/localhost/apache-tomcat-9.0.31/webapps/ROOT]
19-Feb-2020 23:37:51.959 INFO [main] org.apache.catalina.startup.HostConfig.deployDirectory Deployment of web application directory [/home/siarhei/Projects/bugofnet/site/localhost/apache-tomcat-9.0.31/webapps/ROOT] has finished in [206] ms
19-Feb-2020 23:37:51.962 INFO [main] org.apache.coyote.AbstractProtocol.start Starting ProtocolHandler ["http-nio-80"]
19-Feb-2020 23:37:51.970 INFO [main] org.apache.catalina.startup.Catalina.start Server startup in [245] milliseconds
19-Feb-2020 23:41:13.796 INFO [main] org.apache.catalina.core.StandardServer.await A valid shutdown command was received via the shutdown port. Stopping the Server instance.
19-Feb-2020 23:41:13.796 INFO [main] org.apache.coyote.AbstractProtocol.pause Pausing ProtocolHandler ["http-nio-80"]
19-Feb-2020 23:41:13.807 INFO [main] org.apache.catalina.core.StandardService.stopInternal Stopping service [Catalina]
19-Feb-2020 23:41:13.817 INFO [main] org.apache.coyote.AbstractProtocol.stop Stopping ProtocolHandler ["http-nio-80"]
19-Feb-2020 23:41:13.818 INFO [main] org.apache.coyote.AbstractProtocol.destroy Destroying ProtocolHandler ["http-nio-80"]
20-Feb-2020 09:04:05.971 INFO [main] org.apache.catalina.startup.VersionLoggerListener.log Server version name:   Apache Tomcat/9.0.31
20-Feb-2020 09:04:05.973 INFO [main] org.apache.catalina.startup.VersionLoggerListener.log Server built:          Feb 5 2020 19:32:12 UTC
20-Feb-2020 09:04:05.973 INFO [main] org.apache.catalina.startup.VersionLoggerListener.log Server version number: 9.0.31.0
20-Feb-2020 09:04:05.973 INFO [main] org.apache.catalina.startup.VersionLoggerListener.log OS Name:               Linux
20-Feb-2020 09:04:05.973 INFO [main] org.apache.catalina.startup.VersionLoggerListener.log OS Version:            5.3.0-28-generic
20-Feb-2020 09:04:05.973 INFO [main] org.apache.catalina.startup.VersionLoggerListener.log Architecture:          amd64
20-Feb-2020 09:04:05.973 INFO [main] org.apache.catalina.startup.VersionLoggerListener.log Java Home:             /home/siarhei/.sdkman/candidates/java/jdk1.8.0_231/jre
20-Feb-2020 09:04:05.973 INFO [main] org.apache.catalina.startup.VersionLoggerListener.log JVM Version:           1.8.0_231-b11
20-Feb-2020 09:04:05.973 INFO [main] org.apache.catalina.startup.VersionLoggerListener.log JVM Vendor:            Oracle Corporation
20-Feb-2020 09:04:05.973 INFO [main] org.apache.catalina.startup.VersionLoggerListener.log CATALINA_BASE:         /home/siarhei/Projects/bugofnet/site/localhost/apache-tomcat-9.0.31
20-Feb-2020 09:04:05.973 INFO [main] org.apache.catalina.startup.VersionLoggerListener.log CATALINA_HOME:         /home/siarhei/Projects/bugofnet/site/localhost/apache-tomcat-9.0.31
20-Feb-2020 09:04:05.974 INFO [main] org.apache.catalina.startup.VersionLoggerListener.log Command line argument: -Djava.util.logging.config.file=/home/siarhei/Projects/bugofnet/site/localhost/apache-tomcat-9.0.31/conf/logging.properties
20-Feb-2020 09:04:05.974 INFO [main] org.apache.catalina.startup.VersionLoggerListener.log Command line argument: -Djava.util.logging.manager=org.apache.juli.ClassLoaderLogManager
20-Feb-2020 09:04:05.974 INFO [main] org.apache.catalina.startup.VersionLoggerListener.log Command line argument: -Djdk.tls.ephemeralDHKeySize=2048
20-Feb-2020 09:04:05.974 INFO [main] org.apache.catalina.startup.VersionLoggerListener.log Command line argument: -Djava.protocol.handler.pkgs=org.apache.catalina.webresources
20-Feb-2020 09:04:05.974 INFO [main] org.apache.catalina.startup.VersionLoggerListener.log Command line argument: -Dorg.apache.catalina.security.SecurityListener.UMASK=0027
20-Feb-2020 09:04:05.974 INFO [main] org.apache.catalina.startup.VersionLoggerListener.log Command line argument: -Dignore.endorsed.dirs=
20-Feb-2020 09:04:05.974 INFO [main] org.apache.catalina.startup.VersionLoggerListener.log Command line argument: -Dcatalina.base=/home/siarhei/Projects/bugofnet/site/localhost/apache-tomcat-9.0.31
20-Feb-2020 09:04:05.974 INFO [main] org.apache.catalina.startup.VersionLoggerListener.log Command line argument: -Dcatalina.home=/home/siarhei/Projects/bugofnet/site/localhost/apache-tomcat-9.0.31
20-Feb-2020 09:04:05.974 INFO [main] org.apache.catalina.startup.VersionLoggerListener.log Command line argument: -Djava.io.tmpdir=/home/siarhei/Projects/bugofnet/site/localhost/apache-tomcat-9.0.31/temp
20-Feb-2020 09:04:05.975 INFO [main] org.apache.catalina.core.AprLifecycleListener.lifecycleEvent The APR based Apache Tomcat Native library which allows optimal performance in production environments was not found on the java.library.path: [/usr/java/packages/lib/amd64:/usr/lib64:/lib64:/lib:/usr/lib]
20-Feb-2020 09:04:06.192 INFO [main] org.apache.coyote.AbstractProtocol.init Initializing ProtocolHandler ["http-nio-80"]
20-Feb-2020 09:04:06.200 SEVERE [main] org.apache.catalina.util.LifecycleBase.handleSubClassException Failed to initialize component [Connector[HTTP/1.1-80]]
	org.apache.catalina.LifecycleException: Protocol handler initialization failed
		at org.apache.catalina.connector.Connector.initInternal(Connector.java:1013)
		at org.apache.catalina.util.LifecycleBase.init(LifecycleBase.java:136)
		at org.apache.catalina.core.StandardService.initInternal(StandardService.java:533)
		at org.apache.catalina.util.LifecycleBase.init(LifecycleBase.java:136)
		at org.apache.catalina.core.StandardServer.initInternal(StandardServer.java:1057)
		at org.apache.catalina.util.LifecycleBase.init(LifecycleBase.java:136)
		at org.apache.catalina.startup.Catalina.load(Catalina.java:584)
		at org.apache.catalina.startup.Catalina.load(Catalina.java:607)
		at sun.reflect.NativeMethodAccessorImpl.invoke0(Native Method)
		at sun.reflect.NativeMethodAccessorImpl.invoke(NativeMethodAccessorImpl.java:62)
		at sun.reflect.DelegatingMethodAccessorImpl.invoke(DelegatingMethodAccessorImpl.java:43)
		at java.lang.reflect.Method.invoke(Method.java:498)
		at org.apache.catalina.startup.Bootstrap.load(Bootstrap.java:303)
		at org.apache.catalina.startup.Bootstrap.main(Bootstrap.java:473)
	Caused by: java.net.SocketException: Permission denied
		at sun.nio.ch.Net.bind0(Native Method)
		at sun.nio.ch.Net.bind(Net.java:433)
		at sun.nio.ch.Net.bind(Net.java:425)
		at sun.nio.ch.ServerSocketChannelImpl.bind(ServerSocketChannelImpl.java:223)
		at sun.nio.ch.ServerSocketAdaptor.bind(ServerSocketAdaptor.java:74)
		at org.apache.tomcat.util.net.NioEndpoint.initServerSocket(NioEndpoint.java:229)
		at org.apache.tomcat.util.net.NioEndpoint.bind(NioEndpoint.java:212)
		at org.apache.tomcat.util.net.AbstractEndpoint.bindWithCleanup(AbstractEndpoint.java:1141)
		at org.apache.tomcat.util.net.AbstractEndpoint.init(AbstractEndpoint.java:1154)
		at org.apache.coyote.AbstractProtocol.init(AbstractProtocol.java:581)
		at org.apache.coyote.http11.AbstractHttp11Protocol.init(AbstractHttp11Protocol.java:74)
		at org.apache.catalina.connector.Connector.initInternal(Connector.java:1010)
		... 13 more
20-Feb-2020 09:04:06.201 INFO [main] org.apache.catalina.startup.Catalina.load Server initialization in [355] milliseconds
20-Feb-2020 09:04:06.217 INFO [main] org.apache.catalina.core.StandardService.startInternal Starting service [Catalina]
20-Feb-2020 09:04:06.217 INFO [main] org.apache.catalina.core.StandardEngine.startInternal Starting Servlet engine: [Apache Tomcat/9.0.31]
20-Feb-2020 09:04:06.223 INFO [main] org.apache.catalina.startup.HostConfig.deployDirectory Deploying web application directory [/home/siarhei/Projects/bugofnet/site/localhost/apache-tomcat-9.0.31/webapps/ROOT]
20-Feb-2020 09:04:06.394 INFO [main] org.apache.catalina.startup.HostConfig.deployDirectory Deployment of web application directory [/home/siarhei/Projects/bugofnet/site/localhost/apache-tomcat-9.0.31/webapps/ROOT] has finished in [172] ms
20-Feb-2020 09:04:06.397 INFO [main] org.apache.catalina.startup.Catalina.start Server startup in [195] milliseconds
20-Feb-2020 09:04:33.465 INFO [main] org.apache.catalina.core.StandardServer.await A valid shutdown command was received via the shutdown port. Stopping the Server instance.
20-Feb-2020 09:04:33.466 INFO [main] org.apache.coyote.AbstractProtocol.pause Pausing ProtocolHandler ["http-nio-80"]
20-Feb-2020 09:04:33.466 INFO [main] org.apache.catalina.core.StandardService.stopInternal Stopping service [Catalina]
20-Feb-2020 09:04:33.472 INFO [main] org.apache.coyote.AbstractProtocol.stop Stopping ProtocolHandler ["http-nio-80"]
20-Feb-2020 09:04:33.472 INFO [main] org.apache.coyote.AbstractProtocol.destroy Destroying ProtocolHandler ["http-nio-80"]
20-Feb-2020 09:04:35.720 INFO [main] org.apache.catalina.startup.VersionLoggerListener.log Server version name:   Apache Tomcat/9.0.31
20-Feb-2020 09:04:35.721 INFO [main] org.apache.catalina.startup.VersionLoggerListener.log Server built:          Feb 5 2020 19:32:12 UTC
20-Feb-2020 09:04:35.721 INFO [main] org.apache.catalina.startup.VersionLoggerListener.log Server version number: 9.0.31.0
20-Feb-2020 09:04:35.721 INFO [main] org.apache.catalina.startup.VersionLoggerListener.log OS Name:               Linux
20-Feb-2020 09:04:35.721 INFO [main] org.apache.catalina.startup.VersionLoggerListener.log OS Version:            5.3.0-28-generic
20-Feb-2020 09:04:35.721 INFO [main] org.apache.catalina.startup.VersionLoggerListener.log Architecture:          amd64
20-Feb-2020 09:04:35.721 INFO [main] org.apache.catalina.startup.VersionLoggerListener.log Java Home:             /home/siarhei/.sdkman/candidates/java/jdk1.8.0_231/jre
20-Feb-2020 09:04:35.721 INFO [main] org.apache.catalina.startup.VersionLoggerListener.log JVM Version:           1.8.0_231-b11
20-Feb-2020 09:04:35.721 INFO [main] org.apache.catalina.startup.VersionLoggerListener.log JVM Vendor:            Oracle Corporation
20-Feb-2020 09:04:35.722 INFO [main] org.apache.catalina.startup.VersionLoggerListener.log CATALINA_BASE:         /home/siarhei/Projects/bugofnet/site/localhost/apache-tomcat-9.0.31
20-Feb-2020 09:04:35.722 INFO [main] org.apache.catalina.startup.VersionLoggerListener.log CATALINA_HOME:         /home/siarhei/Projects/bugofnet/site/localhost/apache-tomcat-9.0.31
20-Feb-2020 09:04:35.722 INFO [main] org.apache.catalina.startup.VersionLoggerListener.log Command line argument: -Djava.util.logging.config.file=/home/siarhei/Projects/bugofnet/site/localhost/apache-tomcat-9.0.31/conf/logging.properties
20-Feb-2020 09:04:35.722 INFO [main] org.apache.catalina.startup.VersionLoggerListener.log Command line argument: -Djava.util.logging.manager=org.apache.juli.ClassLoaderLogManager
20-Feb-2020 09:04:35.722 INFO [main] org.apache.catalina.startup.VersionLoggerListener.log Command line argument: -Djdk.tls.ephemeralDHKeySize=2048
20-Feb-2020 09:04:35.723 INFO [main] org.apache.catalina.startup.VersionLoggerListener.log Command line argument: -Djava.protocol.handler.pkgs=org.apache.catalina.webresources
20-Feb-2020 09:04:35.723 INFO [main] org.apache.catalina.startup.VersionLoggerListener.log Command line argument: -Dorg.apache.catalina.security.SecurityListener.UMASK=0027
20-Feb-2020 09:04:35.723 INFO [main] org.apache.catalina.startup.VersionLoggerListener.log Command line argument: -Dignore.endorsed.dirs=
20-Feb-2020 09:04:35.723 INFO [main] org.apache.catalina.startup.VersionLoggerListener.log Command line argument: -Dcatalina.base=/home/siarhei/Projects/bugofnet/site/localhost/apache-tomcat-9.0.31
20-Feb-2020 09:04:35.723 INFO [main] org.apache.catalina.startup.VersionLoggerListener.log Command line argument: -Dcatalina.home=/home/siarhei/Projects/bugofnet/site/localhost/apache-tomcat-9.0.31
20-Feb-2020 09:04:35.723 INFO [main] org.apache.catalina.startup.VersionLoggerListener.log Command line argument: -Djava.io.tmpdir=/home/siarhei/Projects/bugofnet/site/localhost/apache-tomcat-9.0.31/temp
20-Feb-2020 09:04:35.723 INFO [main] org.apache.catalina.core.AprLifecycleListener.lifecycleEvent The APR based Apache Tomcat Native library which allows optimal performance in production environments was not found on the java.library.path: [/usr/java/packages/lib/amd64:/usr/lib64:/lib64:/lib:/usr/lib]
20-Feb-2020 09:04:35.941 INFO [main] org.apache.coyote.AbstractProtocol.init Initializing ProtocolHandler ["http-nio-8080"]
20-Feb-2020 09:04:35.957 INFO [main] org.apache.catalina.startup.Catalina.load Server initialization in [357] milliseconds
20-Feb-2020 09:04:35.979 INFO [main] org.apache.catalina.core.StandardService.startInternal Starting service [Catalina]
20-Feb-2020 09:04:35.979 INFO [main] org.apache.catalina.core.StandardEngine.startInternal Starting Servlet engine: [Apache Tomcat/9.0.31]
20-Feb-2020 09:04:35.985 INFO [main] org.apache.catalina.startup.HostConfig.deployDirectory Deploying web application directory [/home/siarhei/Projects/bugofnet/site/localhost/apache-tomcat-9.0.31/webapps/ROOT]
20-Feb-2020 09:04:36.261 INFO [main] org.apache.catalina.startup.HostConfig.deployDirectory Deployment of web application directory [/home/siarhei/Projects/bugofnet/site/localhost/apache-tomcat-9.0.31/webapps/ROOT] has finished in [276] ms
20-Feb-2020 09:04:36.263 INFO [main] org.apache.coyote.AbstractProtocol.start Starting ProtocolHandler ["http-nio-8080"]
20-Feb-2020 09:04:36.271 INFO [main] org.apache.catalina.startup.Catalina.start Server startup in [313] milliseconds
20-Feb-2020 18:35:23.569 INFO [main] org.apache.catalina.core.StandardServer.await A valid shutdown command was received via the shutdown port. Stopping the Server instance.
20-Feb-2020 18:35:23.569 INFO [main] org.apache.coyote.AbstractProtocol.pause Pausing ProtocolHandler ["http-nio-8080"]
20-Feb-2020 18:35:23.576 INFO [main] org.apache.catalina.core.StandardService.stopInternal Stopping service [Catalina]
20-Feb-2020 18:35:23.583 INFO [main] org.apache.coyote.AbstractProtocol.stop Stopping ProtocolHandler ["http-nio-8080"]
20-Feb-2020 18:35:23.584 INFO [main] org.apache.coyote.AbstractProtocol.destroy Destroying ProtocolHandler ["http-nio-8080"]
20-Feb-2020 18:35:54.028 INFO [main] org.apache.catalina.startup.VersionLoggerListener.log Server version name:   Apache Tomcat/9.0.31
20-Feb-2020 18:35:54.030 INFO [main] org.apache.catalina.startup.VersionLoggerListener.log Server built:          Feb 5 2020 19:32:12 UTC
20-Feb-2020 18:35:54.030 INFO [main] org.apache.catalina.startup.VersionLoggerListener.log Server version number: 9.0.31.0
20-Feb-2020 18:35:54.030 INFO [main] org.apache.catalina.startup.VersionLoggerListener.log OS Name:               Linux
20-Feb-2020 18:35:54.030 INFO [main] org.apache.catalina.startup.VersionLoggerListener.log OS Version:            5.3.0-28-generic
20-Feb-2020 18:35:54.030 INFO [main] org.apache.catalina.startup.VersionLoggerListener.log Architecture:          amd64
20-Feb-2020 18:35:54.030 INFO [main] org.apache.catalina.startup.VersionLoggerListener.log Java Home:             /home/siarhei/.sdkman/candidates/java/jdk1.8.0_231/jre
20-Feb-2020 18:35:54.030 INFO [main] org.apache.catalina.startup.VersionLoggerListener.log JVM Version:           1.8.0_231-b11
20-Feb-2020 18:35:54.031 INFO [main] org.apache.catalina.startup.VersionLoggerListener.log JVM Vendor:            Oracle Corporation
20-Feb-2020 18:35:54.031 INFO [main] org.apache.catalina.startup.VersionLoggerListener.log CATALINA_BASE:         /home/siarhei/Projects/bugofnet/site/localhost/apache-tomcat-9.0.31
20-Feb-2020 18:35:54.031 INFO [main] org.apache.catalina.startup.VersionLoggerListener.log CATALINA_HOME:         /home/siarhei/Projects/bugofnet/site/localhost/apache-tomcat-9.0.31
20-Feb-2020 18:35:54.031 INFO [main] org.apache.catalina.startup.VersionLoggerListener.log Command line argument: -Djava.util.logging.config.file=/home/siarhei/Projects/bugofnet/site/localhost/apache-tomcat-9.0.31/conf/logging.properties
20-Feb-2020 18:35:54.032 INFO [main] org.apache.catalina.startup.VersionLoggerListener.log Command line argument: -Djava.util.logging.manager=org.apache.juli.ClassLoaderLogManager
20-Feb-2020 18:35:54.032 INFO [main] org.apache.catalina.startup.VersionLoggerListener.log Command line argument: -Djdk.tls.ephemeralDHKeySize=2048
20-Feb-2020 18:35:54.032 INFO [main] org.apache.catalina.startup.VersionLoggerListener.log Command line argument: -Djava.protocol.handler.pkgs=org.apache.catalina.webresources
20-Feb-2020 18:35:54.032 INFO [main] org.apache.catalina.startup.VersionLoggerListener.log Command line argument: -Dorg.apache.catalina.security.SecurityListener.UMASK=0027
20-Feb-2020 18:35:54.032 INFO [main] org.apache.catalina.startup.VersionLoggerListener.log Command line argument: -Dignore.endorsed.dirs=
20-Feb-2020 18:35:54.032 INFO [main] org.apache.catalina.startup.VersionLoggerListener.log Command line argument: -Dcatalina.base=/home/siarhei/Projects/bugofnet/site/localhost/apache-tomcat-9.0.31
20-Feb-2020 18:35:54.032 INFO [main] org.apache.catalina.startup.VersionLoggerListener.log Command line argument: -Dcatalina.home=/home/siarhei/Projects/bugofnet/site/localhost/apache-tomcat-9.0.31
20-Feb-2020 18:35:54.032 INFO [main] org.apache.catalina.startup.VersionLoggerListener.log Command line argument: -Djava.io.tmpdir=/home/siarhei/Projects/bugofnet/site/localhost/apache-tomcat-9.0.31/temp
20-Feb-2020 18:35:54.032 INFO [main] org.apache.catalina.core.AprLifecycleListener.lifecycleEvent The APR based Apache Tomcat Native library which allows optimal performance in production environments was not found on the java.library.path: [/usr/java/packages/lib/amd64:/usr/lib64:/lib64:/lib:/usr/lib]
20-Feb-2020 18:35:54.259 INFO [main] org.apache.coyote.AbstractProtocol.init Initializing ProtocolHandler ["http-nio-8080"]
20-Feb-2020 18:35:54.276 INFO [main] org.apache.catalina.startup.Catalina.load Server initialization in [373] milliseconds
20-Feb-2020 18:35:54.295 INFO [main] org.apache.catalina.core.StandardService.startInternal Starting service [Catalina]
20-Feb-2020 18:35:54.295 INFO [main] org.apache.catalina.core.StandardEngine.startInternal Starting Servlet engine: [Apache Tomcat/9.0.31]
20-Feb-2020 18:35:54.302 INFO [main] org.apache.catalina.startup.HostConfig.deployDirectory Deploying web application directory [/home/siarhei/Projects/bugofnet/site/localhost/apache-tomcat-9.0.31/webapps/ROOT]
20-Feb-2020 18:35:54.494 INFO [main] org.apache.catalina.startup.HostConfig.deployDirectory Deployment of web application directory [/home/siarhei/Projects/bugofnet/site/localhost/apache-tomcat-9.0.31/webapps/ROOT] has finished in [192] ms
20-Feb-2020 18:35:54.497 INFO [main] org.apache.coyote.AbstractProtocol.start Starting ProtocolHandler ["http-nio-8080"]
20-Feb-2020 18:35:54.502 INFO [main] org.apache.catalina.startup.Catalina.start Server startup in [226] milliseconds
20-Feb-2020 18:43:35.793 INFO [main] org.apache.catalina.startup.VersionLoggerListener.log Server version name:   Apache Tomcat/9.0.31
20-Feb-2020 18:43:35.795 INFO [main] org.apache.catalina.startup.VersionLoggerListener.log Server built:          Feb 5 2020 19:32:12 UTC
20-Feb-2020 18:43:35.795 INFO [main] org.apache.catalina.startup.VersionLoggerListener.log Server version number: 9.0.31.0
20-Feb-2020 18:43:35.795 INFO [main] org.apache.catalina.startup.VersionLoggerListener.log OS Name:               Linux
20-Feb-2020 18:43:35.795 INFO [main] org.apache.catalina.startup.VersionLoggerListener.log OS Version:            5.3.0-28-generic
20-Feb-2020 18:43:35.795 INFO [main] org.apache.catalina.startup.VersionLoggerListener.log Architecture:          amd64
20-Feb-2020 18:43:35.795 INFO [main] org.apache.catalina.startup.VersionLoggerListener.log Java Home:             /home/siarhei/.sdkman/candidates/java/jdk1.8.0_231/jre
20-Feb-2020 18:43:35.795 INFO [main] org.apache.catalina.startup.VersionLoggerListener.log JVM Version:           1.8.0_231-b11
20-Feb-2020 18:43:35.796 INFO [main] org.apache.catalina.startup.VersionLoggerListener.log JVM Vendor:            Oracle Corporation
20-Feb-2020 18:43:35.796 INFO [main] org.apache.catalina.startup.VersionLoggerListener.log CATALINA_BASE:         /home/siarhei/Projects/bugofnet/site/localhost/apache-tomcat-9.0.31
20-Feb-2020 18:43:35.796 INFO [main] org.apache.catalina.startup.VersionLoggerListener.log CATALINA_HOME:         /home/siarhei/Projects/bugofnet/site/localhost/apache-tomcat-9.0.31
20-Feb-2020 18:43:35.796 INFO [main] org.apache.catalina.startup.VersionLoggerListener.log Command line argument: -Djava.util.logging.config.file=/home/siarhei/Projects/bugofnet/site/localhost/apache-tomcat-9.0.31/conf/logging.properties
20-Feb-2020 18:43:35.796 INFO [main] org.apache.catalina.startup.VersionLoggerListener.log Command line argument: -Djava.util.logging.manager=org.apache.juli.ClassLoaderLogManager
20-Feb-2020 18:43:35.797 INFO [main] org.apache.catalina.startup.VersionLoggerListener.log Command line argument: -Djdk.tls.ephemeralDHKeySize=2048
20-Feb-2020 18:43:35.797 INFO [main] org.apache.catalina.startup.VersionLoggerListener.log Command line argument: -Djava.protocol.handler.pkgs=org.apache.catalina.webresources
20-Feb-2020 18:43:35.797 INFO [main] org.apache.catalina.startup.VersionLoggerListener.log Command line argument: -Dorg.apache.catalina.security.SecurityListener.UMASK=0027
20-Feb-2020 18:43:35.797 INFO [main] org.apache.catalina.startup.VersionLoggerListener.log Command line argument: -Dignore.endorsed.dirs=
20-Feb-2020 18:43:35.797 INFO [main] org.apache.catalina.startup.VersionLoggerListener.log Command line argument: -Dcatalina.base=/home/siarhei/Projects/bugofnet/site/localhost/apache-tomcat-9.0.31
20-Feb-2020 18:43:35.797 INFO [main] org.apache.catalina.startup.VersionLoggerListener.log Command line argument: -Dcatalina.home=/home/siarhei/Projects/bugofnet/site/localhost/apache-tomcat-9.0.31
20-Feb-2020 18:43:35.797 INFO [main] org.apache.catalina.startup.VersionLoggerListener.log Command line argument: -Djava.io.tmpdir=/home/siarhei/Projects/bugofnet/site/localhost/apache-tomcat-9.0.31/temp
20-Feb-2020 18:43:35.797 INFO [main] org.apache.catalina.core.AprLifecycleListener.lifecycleEvent The APR based Apache Tomcat Native library which allows optimal performance in production environments was not found on the java.library.path: [/usr/java/packages/lib/amd64:/usr/lib64:/lib64:/lib:/usr/lib]
20-Feb-2020 18:43:36.026 INFO [main] org.apache.coyote.AbstractProtocol.init Initializing ProtocolHandler ["http-nio-8080"]
20-Feb-2020 18:43:36.038 SEVERE [main] org.apache.catalina.util.LifecycleBase.handleSubClassException Failed to initialize component [Connector[HTTP/1.1-8080]]
	org.apache.catalina.LifecycleException: Protocol handler initialization failed
		at org.apache.catalina.connector.Connector.initInternal(Connector.java:1013)
		at org.apache.catalina.util.LifecycleBase.init(LifecycleBase.java:136)
		at org.apache.catalina.core.StandardService.initInternal(StandardService.java:533)
		at org.apache.catalina.util.LifecycleBase.init(LifecycleBase.java:136)
		at org.apache.catalina.core.StandardServer.initInternal(StandardServer.java:1057)
		at org.apache.catalina.util.LifecycleBase.init(LifecycleBase.java:136)
		at org.apache.catalina.startup.Catalina.load(Catalina.java:584)
		at org.apache.catalina.startup.Catalina.load(Catalina.java:607)
		at sun.reflect.NativeMethodAccessorImpl.invoke0(Native Method)
		at sun.reflect.NativeMethodAccessorImpl.invoke(NativeMethodAccessorImpl.java:62)
		at sun.reflect.DelegatingMethodAccessorImpl.invoke(DelegatingMethodAccessorImpl.java:43)
		at java.lang.reflect.Method.invoke(Method.java:498)
		at org.apache.catalina.startup.Bootstrap.load(Bootstrap.java:303)
		at org.apache.catalina.startup.Bootstrap.main(Bootstrap.java:473)
	Caused by: java.net.BindException: Address already in use
		at sun.nio.ch.Net.bind0(Native Method)
		at sun.nio.ch.Net.bind(Net.java:433)
		at sun.nio.ch.Net.bind(Net.java:425)
		at sun.nio.ch.ServerSocketChannelImpl.bind(ServerSocketChannelImpl.java:223)
		at sun.nio.ch.ServerSocketAdaptor.bind(ServerSocketAdaptor.java:74)
		at org.apache.tomcat.util.net.NioEndpoint.initServerSocket(NioEndpoint.java:229)
		at org.apache.tomcat.util.net.NioEndpoint.bind(NioEndpoint.java:212)
		at org.apache.tomcat.util.net.AbstractEndpoint.bindWithCleanup(AbstractEndpoint.java:1141)
		at org.apache.tomcat.util.net.AbstractEndpoint.init(AbstractEndpoint.java:1154)
		at org.apache.coyote.AbstractProtocol.init(AbstractProtocol.java:581)
		at org.apache.coyote.http11.AbstractHttp11Protocol.init(AbstractHttp11Protocol.java:74)
		at org.apache.catalina.connector.Connector.initInternal(Connector.java:1010)
		... 13 more
20-Feb-2020 18:43:36.039 INFO [main] org.apache.catalina.startup.Catalina.load Server initialization in [375] milliseconds
20-Feb-2020 18:43:36.058 INFO [main] org.apache.catalina.core.StandardService.startInternal Starting service [Catalina]
20-Feb-2020 18:43:36.058 INFO [main] org.apache.catalina.core.StandardEngine.startInternal Starting Servlet engine: [Apache Tomcat/9.0.31]
20-Feb-2020 18:43:36.064 INFO [main] org.apache.catalina.startup.HostConfig.deployDirectory Deploying web application directory [/home/siarhei/Projects/bugofnet/site/localhost/apache-tomcat-9.0.31/webapps/ROOT]
20-Feb-2020 18:43:36.228 INFO [main] org.apache.catalina.startup.HostConfig.deployDirectory Deployment of web application directory [/home/siarhei/Projects/bugofnet/site/localhost/apache-tomcat-9.0.31/webapps/ROOT] has finished in [164] ms
20-Feb-2020 18:43:36.231 INFO [main] org.apache.catalina.startup.Catalina.start Server startup in [191] milliseconds
20-Feb-2020 18:43:36.231 SEVERE [main] org.apache.catalina.core.StandardServer.await Failed to create server shutdown socket on address [localhost] and port [8005] (base port [8005] and offset [0])
	java.net.BindException: Address already in use (Bind failed)
		at java.net.PlainSocketImpl.socketBind(Native Method)
		at java.net.AbstractPlainSocketImpl.bind(AbstractPlainSocketImpl.java:387)
		at java.net.ServerSocket.bind(ServerSocket.java:375)
		at java.net.ServerSocket.<init>(ServerSocket.java:237)
		at org.apache.catalina.core.StandardServer.await(StandardServer.java:584)
		at org.apache.catalina.startup.Catalina.await(Catalina.java:721)
		at org.apache.catalina.startup.Catalina.start(Catalina.java:667)
		at sun.reflect.NativeMethodAccessorImpl.invoke0(Native Method)
		at sun.reflect.NativeMethodAccessorImpl.invoke(NativeMethodAccessorImpl.java:62)
		at sun.reflect.DelegatingMethodAccessorImpl.invoke(DelegatingMethodAccessorImpl.java:43)
		at java.lang.reflect.Method.invoke(Method.java:498)
		at org.apache.catalina.startup.Bootstrap.start(Bootstrap.java:343)
		at org.apache.catalina.startup.Bootstrap.main(Bootstrap.java:474)
20-Feb-2020 18:43:36.232 INFO [main] org.apache.coyote.AbstractProtocol.pause Pausing ProtocolHandler ["http-nio-8080"]
20-Feb-2020 18:43:36.232 INFO [main] org.apache.catalina.core.StandardService.stopInternal Stopping service [Catalina]
20-Feb-2020 18:43:36.237 INFO [main] org.apache.coyote.AbstractProtocol.stop Stopping ProtocolHandler ["http-nio-8080"]
20-Feb-2020 18:43:36.238 INFO [main] org.apache.coyote.AbstractProtocol.destroy Destroying ProtocolHandler ["http-nio-8080"]
20-Feb-2020 19:09:23.918 INFO [main] org.apache.catalina.core.StandardServer.await A valid shutdown command was received via the shutdown port. Stopping the Server instance.
20-Feb-2020 19:09:23.919 INFO [main] org.apache.coyote.AbstractProtocol.pause Pausing ProtocolHandler ["http-nio-8080"]
20-Feb-2020 19:09:23.926 INFO [main] org.apache.catalina.core.StandardService.stopInternal Stopping service [Catalina]
20-Feb-2020 19:09:23.934 INFO [main] org.apache.coyote.AbstractProtocol.stop Stopping ProtocolHandler ["http-nio-8080"]
20-Feb-2020 19:09:23.935 INFO [main] org.apache.coyote.AbstractProtocol.destroy Destroying ProtocolHandler ["http-nio-8080"]
20-Feb-2020 19:12:49.449 INFO [main] org.apache.catalina.startup.VersionLoggerListener.log Server version name:   Apache Tomcat/9.0.31
20-Feb-2020 19:12:49.451 INFO [main] org.apache.catalina.startup.VersionLoggerListener.log Server built:          Feb 5 2020 19:32:12 UTC
20-Feb-2020 19:12:49.451 INFO [main] org.apache.catalina.startup.VersionLoggerListener.log Server version number: 9.0.31.0
20-Feb-2020 19:12:49.451 INFO [main] org.apache.catalina.startup.VersionLoggerListener.log OS Name:               Linux
20-Feb-2020 19:12:49.451 INFO [main] org.apache.catalina.startup.VersionLoggerListener.log OS Version:            5.3.0-28-generic
20-Feb-2020 19:12:49.451 INFO [main] org.apache.catalina.startup.VersionLoggerListener.log Architecture:          amd64
20-Feb-2020 19:12:49.451 INFO [main] org.apache.catalina.startup.VersionLoggerListener.log Java Home:             /home/siarhei/.sdkman/candidates/java/jdk1.8.0_231/jre
20-Feb-2020 19:12:49.451 INFO [main] org.apache.catalina.startup.VersionLoggerListener.log JVM Version:           1.8.0_231-b11
20-Feb-2020 19:12:49.451 INFO [main] org.apache.catalina.startup.VersionLoggerListener.log JVM Vendor:            Oracle Corporation
20-Feb-2020 19:12:49.451 INFO [main] org.apache.catalina.startup.VersionLoggerListener.log CATALINA_BASE:         /home/siarhei/Projects/bugofnet/kakugodno/site/localhost/apache-tomcat-9.0.31
20-Feb-2020 19:12:49.451 INFO [main] org.apache.catalina.startup.VersionLoggerListener.log CATALINA_HOME:         /home/siarhei/Projects/bugofnet/kakugodno/site/localhost/apache-tomcat-9.0.31
20-Feb-2020 19:12:49.452 INFO [main] org.apache.catalina.startup.VersionLoggerListener.log Command line argument: -Djava.util.logging.config.file=/home/siarhei/Projects/bugofnet/kakugodno/site/localhost/apache-tomcat-9.0.31/conf/logging.properties
20-Feb-2020 19:12:49.452 INFO [main] org.apache.catalina.startup.VersionLoggerListener.log Command line argument: -Djava.util.logging.manager=org.apache.juli.ClassLoaderLogManager
20-Feb-2020 19:12:49.452 INFO [main] org.apache.catalina.startup.VersionLoggerListener.log Command line argument: -Djdk.tls.ephemeralDHKeySize=2048
20-Feb-2020 19:12:49.452 INFO [main] org.apache.catalina.startup.VersionLoggerListener.log Command line argument: -Djava.protocol.handler.pkgs=org.apache.catalina.webresources
20-Feb-2020 19:12:49.452 INFO [main] org.apache.catalina.startup.VersionLoggerListener.log Command line argument: -Dorg.apache.catalina.security.SecurityListener.UMASK=0027
20-Feb-2020 19:12:49.452 INFO [main] org.apache.catalina.startup.VersionLoggerListener.log Command line argument: -Dignore.endorsed.dirs=
20-Feb-2020 19:12:49.452 INFO [main] org.apache.catalina.startup.VersionLoggerListener.log Command line argument: -Dcatalina.base=/home/siarhei/Projects/bugofnet/kakugodno/site/localhost/apache-tomcat-9.0.31
20-Feb-2020 19:12:49.453 INFO [main] org.apache.catalina.startup.VersionLoggerListener.log Command line argument: -Dcatalina.home=/home/siarhei/Projects/bugofnet/kakugodno/site/localhost/apache-tomcat-9.0.31
20-Feb-2020 19:12:49.453 INFO [main] org.apache.catalina.startup.VersionLoggerListener.log Command line argument: -Djava.io.tmpdir=/home/siarhei/Projects/bugofnet/kakugodno/site/localhost/apache-tomcat-9.0.31/temp
20-Feb-2020 19:12:49.453 INFO [main] org.apache.catalina.core.AprLifecycleListener.lifecycleEvent The APR based Apache Tomcat Native library which allows optimal performance in production environments was not found on the java.library.path: [/usr/java/packages/lib/amd64:/usr/lib64:/lib64:/lib:/usr/lib]
20-Feb-2020 19:12:49.674 INFO [main] org.apache.coyote.AbstractProtocol.init Initializing ProtocolHandler ["http-nio-8080"]
20-Feb-2020 19:12:49.690 INFO [main] org.apache.catalina.startup.Catalina.load Server initialization in [392] milliseconds
20-Feb-2020 19:12:49.710 INFO [main] org.apache.catalina.core.StandardService.startInternal Starting service [Catalina]
20-Feb-2020 19:12:49.711 INFO [main] org.apache.catalina.core.StandardEngine.startInternal Starting Servlet engine: [Apache Tomcat/9.0.31]
20-Feb-2020 19:12:49.718 INFO [main] org.apache.catalina.startup.HostConfig.deployDirectory Deploying web application directory [/home/siarhei/Projects/bugofnet/kakugodno/site/localhost/apache-tomcat-9.0.31/webapps/ROOT]
20-Feb-2020 19:12:49.937 INFO [main] org.apache.catalina.startup.HostConfig.deployDirectory Deployment of web application directory [/home/siarhei/Projects/bugofnet/kakugodno/site/localhost/apache-tomcat-9.0.31/webapps/ROOT] has finished in [218] ms
20-Feb-2020 19:12:49.939 INFO [main] org.apache.coyote.AbstractProtocol.start Starting ProtocolHandler ["http-nio-8080"]
20-Feb-2020 19:12:49.947 INFO [main] org.apache.catalina.startup.Catalina.start Server startup in [257] milliseconds
20-Feb-2020 19:17:34.193 INFO [main] org.apache.catalina.startup.VersionLoggerListener.log Server version name:   Apache Tomcat/9.0.31
20-Feb-2020 19:17:34.194 INFO [main] org.apache.catalina.startup.VersionLoggerListener.log Server built:          Feb 5 2020 19:32:12 UTC
20-Feb-2020 19:17:34.194 INFO [main] org.apache.catalina.startup.VersionLoggerListener.log Server version number: 9.0.31.0
20-Feb-2020 19:17:34.194 INFO [main] org.apache.catalina.startup.VersionLoggerListener.log OS Name:               Linux
20-Feb-2020 19:17:34.194 INFO [main] org.apache.catalina.startup.VersionLoggerListener.log OS Version:            5.3.0-28-generic
20-Feb-2020 19:17:34.195 INFO [main] org.apache.catalina.startup.VersionLoggerListener.log Architecture:          amd64
20-Feb-2020 19:17:34.195 INFO [main] org.apache.catalina.startup.VersionLoggerListener.log Java Home:             /home/siarhei/.sdkman/candidates/java/jdk1.8.0_231/jre
20-Feb-2020 19:17:34.195 INFO [main] org.apache.catalina.startup.VersionLoggerListener.log JVM Version:           1.8.0_231-b11
20-Feb-2020 19:17:34.195 INFO [main] org.apache.catalina.startup.VersionLoggerListener.log JVM Vendor:            Oracle Corporation
20-Feb-2020 19:17:34.195 INFO [main] org.apache.catalina.startup.VersionLoggerListener.log CATALINA_BASE:         /home/siarhei/Projects/bugofnet/kakugodno/site/localhost/apache-tomcat-9.0.31
20-Feb-2020 19:17:34.195 INFO [main] org.apache.catalina.startup.VersionLoggerListener.log CATALINA_HOME:         /home/siarhei/Projects/bugofnet/kakugodno/site/localhost/apache-tomcat-9.0.31
20-Feb-2020 19:17:34.195 INFO [main] org.apache.catalina.startup.VersionLoggerListener.log Command line argument: -Djava.util.logging.config.file=/home/siarhei/Projects/bugofnet/kakugodno/site/localhost/apache-tomcat-9.0.31/conf/logging.properties
20-Feb-2020 19:17:34.196 INFO [main] org.apache.catalina.startup.VersionLoggerListener.log Command line argument: -Djava.util.logging.manager=org.apache.juli.ClassLoaderLogManager
20-Feb-2020 19:17:34.196 INFO [main] org.apache.catalina.startup.VersionLoggerListener.log Command line argument: -Djdk.tls.ephemeralDHKeySize=2048
20-Feb-2020 19:17:34.196 INFO [main] org.apache.catalina.startup.VersionLoggerListener.log Command line argument: -Djava.protocol.handler.pkgs=org.apache.catalina.webresources
20-Feb-2020 19:17:34.196 INFO [main] org.apache.catalina.startup.VersionLoggerListener.log Command line argument: -Dorg.apache.catalina.security.SecurityListener.UMASK=0027
20-Feb-2020 19:17:34.196 INFO [main] org.apache.catalina.startup.VersionLoggerListener.log Command line argument: -Dignore.endorsed.dirs=
20-Feb-2020 19:17:34.196 INFO [main] org.apache.catalina.startup.VersionLoggerListener.log Command line argument: -Dcatalina.base=/home/siarhei/Projects/bugofnet/kakugodno/site/localhost/apache-tomcat-9.0.31
20-Feb-2020 19:17:34.196 INFO [main] org.apache.catalina.startup.VersionLoggerListener.log Command line argument: -Dcatalina.home=/home/siarhei/Projects/bugofnet/kakugodno/site/localhost/apache-tomcat-9.0.31
20-Feb-2020 19:17:34.196 INFO [main] org.apache.catalina.startup.VersionLoggerListener.log Command line argument: -Djava.io.tmpdir=/home/siarhei/Projects/bugofnet/kakugodno/site/localhost/apache-tomcat-9.0.31/temp
20-Feb-2020 19:17:34.196 INFO [main] org.apache.catalina.core.AprLifecycleListener.lifecycleEvent The APR based Apache Tomcat Native library which allows optimal performance in production environments was not found on the java.library.path: [/usr/java/packages/lib/amd64:/usr/lib64:/lib64:/lib:/usr/lib]
20-Feb-2020 19:17:34.425 INFO [main] org.apache.coyote.AbstractProtocol.init Initializing ProtocolHandler ["http-nio-8080"]
20-Feb-2020 19:17:34.437 SEVERE [main] org.apache.catalina.util.LifecycleBase.handleSubClassException Failed to initialize component [Connector[HTTP/1.1-8080]]
	org.apache.catalina.LifecycleException: Protocol handler initialization failed
		at org.apache.catalina.connector.Connector.initInternal(Connector.java:1013)
		at org.apache.catalina.util.LifecycleBase.init(LifecycleBase.java:136)
		at org.apache.catalina.core.StandardService.initInternal(StandardService.java:533)
		at org.apache.catalina.util.LifecycleBase.init(LifecycleBase.java:136)
		at org.apache.catalina.core.StandardServer.initInternal(StandardServer.java:1057)
		at org.apache.catalina.util.LifecycleBase.init(LifecycleBase.java:136)
		at org.apache.catalina.startup.Catalina.load(Catalina.java:584)
		at org.apache.catalina.startup.Catalina.load(Catalina.java:607)
		at sun.reflect.NativeMethodAccessorImpl.invoke0(Native Method)
		at sun.reflect.NativeMethodAccessorImpl.invoke(NativeMethodAccessorImpl.java:62)
		at sun.reflect.DelegatingMethodAccessorImpl.invoke(DelegatingMethodAccessorImpl.java:43)
		at java.lang.reflect.Method.invoke(Method.java:498)
		at org.apache.catalina.startup.Bootstrap.load(Bootstrap.java:303)
		at org.apache.catalina.startup.Bootstrap.main(Bootstrap.java:473)
	Caused by: java.net.BindException: Address already in use
		at sun.nio.ch.Net.bind0(Native Method)
		at sun.nio.ch.Net.bind(Net.java:433)
		at sun.nio.ch.Net.bind(Net.java:425)
		at sun.nio.ch.ServerSocketChannelImpl.bind(ServerSocketChannelImpl.java:223)
		at sun.nio.ch.ServerSocketAdaptor.bind(ServerSocketAdaptor.java:74)
		at org.apache.tomcat.util.net.NioEndpoint.initServerSocket(NioEndpoint.java:229)
		at org.apache.tomcat.util.net.NioEndpoint.bind(NioEndpoint.java:212)
		at org.apache.tomcat.util.net.AbstractEndpoint.bindWithCleanup(AbstractEndpoint.java:1141)
		at org.apache.tomcat.util.net.AbstractEndpoint.init(AbstractEndpoint.java:1154)
		at org.apache.coyote.AbstractProtocol.init(AbstractProtocol.java:581)
		at org.apache.coyote.http11.AbstractHttp11Protocol.init(AbstractHttp11Protocol.java:74)
		at org.apache.catalina.connector.Connector.initInternal(Connector.java:1010)
		... 13 more
20-Feb-2020 19:17:34.438 INFO [main] org.apache.catalina.startup.Catalina.load Server initialization in [386] milliseconds
20-Feb-2020 19:17:34.459 INFO [main] org.apache.catalina.core.StandardService.startInternal Starting service [Catalina]
20-Feb-2020 19:17:34.459 INFO [main] org.apache.catalina.core.StandardEngine.startInternal Starting Servlet engine: [Apache Tomcat/9.0.31]
20-Feb-2020 19:17:34.465 INFO [main] org.apache.catalina.startup.HostConfig.deployDirectory Deploying web application directory [/home/siarhei/Projects/bugofnet/kakugodno/site/localhost/apache-tomcat-9.0.31/webapps/ROOT]
20-Feb-2020 19:17:34.641 INFO [main] org.apache.catalina.startup.HostConfig.deployDirectory Deployment of web application directory [/home/siarhei/Projects/bugofnet/kakugodno/site/localhost/apache-tomcat-9.0.31/webapps/ROOT] has finished in [176] ms
20-Feb-2020 19:17:34.644 INFO [main] org.apache.catalina.startup.Catalina.start Server startup in [206] milliseconds
20-Feb-2020 19:17:34.645 SEVERE [main] org.apache.catalina.core.StandardServer.await Failed to create server shutdown socket on address [localhost] and port [8005] (base port [8005] and offset [0])
	java.net.BindException: Address already in use (Bind failed)
		at java.net.PlainSocketImpl.socketBind(Native Method)
		at java.net.AbstractPlainSocketImpl.bind(AbstractPlainSocketImpl.java:387)
		at java.net.ServerSocket.bind(ServerSocket.java:375)
		at java.net.ServerSocket.<init>(ServerSocket.java:237)
		at org.apache.catalina.core.StandardServer.await(StandardServer.java:584)
		at org.apache.catalina.startup.Catalina.await(Catalina.java:721)
		at org.apache.catalina.startup.Catalina.start(Catalina.java:667)
		at sun.reflect.NativeMethodAccessorImpl.invoke0(Native Method)
		at sun.reflect.NativeMethodAccessorImpl.invoke(NativeMethodAccessorImpl.java:62)
		at sun.reflect.DelegatingMethodAccessorImpl.invoke(DelegatingMethodAccessorImpl.java:43)
		at java.lang.reflect.Method.invoke(Method.java:498)
		at org.apache.catalina.startup.Bootstrap.start(Bootstrap.java:343)
		at org.apache.catalina.startup.Bootstrap.main(Bootstrap.java:474)
20-Feb-2020 19:17:34.645 INFO [main] org.apache.coyote.AbstractProtocol.pause Pausing ProtocolHandler ["http-nio-8080"]
20-Feb-2020 19:17:34.646 INFO [main] org.apache.catalina.core.StandardService.stopInternal Stopping service [Catalina]
20-Feb-2020 19:17:34.651 INFO [main] org.apache.coyote.AbstractProtocol.stop Stopping ProtocolHandler ["http-nio-8080"]
20-Feb-2020 19:17:34.652 INFO [main] org.apache.coyote.AbstractProtocol.destroy Destroying ProtocolHandler ["http-nio-8080"]
20-Feb-2020 19:17:46.597 INFO [main] org.apache.catalina.core.StandardServer.await A valid shutdown command was received via the shutdown port. Stopping the Server instance.
20-Feb-2020 19:17:46.598 INFO [main] org.apache.coyote.AbstractProtocol.pause Pausing ProtocolHandler ["http-nio-8080"]
20-Feb-2020 19:17:46.605 INFO [main] org.apache.catalina.core.StandardService.stopInternal Stopping service [Catalina]
20-Feb-2020 19:17:46.613 INFO [main] org.apache.coyote.AbstractProtocol.stop Stopping ProtocolHandler ["http-nio-8080"]
20-Feb-2020 19:17:46.614 INFO [main] org.apache.coyote.AbstractProtocol.destroy Destroying ProtocolHandler ["http-nio-8080"]
20-Feb-2020 19:17:56.948 INFO [main] org.apache.catalina.startup.VersionLoggerListener.log Server version name:   Apache Tomcat/9.0.31
20-Feb-2020 19:17:56.950 INFO [main] org.apache.catalina.startup.VersionLoggerListener.log Server built:          Feb 5 2020 19:32:12 UTC
20-Feb-2020 19:17:56.950 INFO [main] org.apache.catalina.startup.VersionLoggerListener.log Server version number: 9.0.31.0
20-Feb-2020 19:17:56.950 INFO [main] org.apache.catalina.startup.VersionLoggerListener.log OS Name:               Linux
20-Feb-2020 19:17:56.950 INFO [main] org.apache.catalina.startup.VersionLoggerListener.log OS Version:            5.3.0-28-generic
20-Feb-2020 19:17:56.950 INFO [main] org.apache.catalina.startup.VersionLoggerListener.log Architecture:          amd64
20-Feb-2020 19:17:56.950 INFO [main] org.apache.catalina.startup.VersionLoggerListener.log Java Home:             /home/siarhei/.sdkman/candidates/java/jdk1.8.0_231/jre
20-Feb-2020 19:17:56.950 INFO [main] org.apache.catalina.startup.VersionLoggerListener.log JVM Version:           1.8.0_231-b11
20-Feb-2020 19:17:56.950 INFO [main] org.apache.catalina.startup.VersionLoggerListener.log JVM Vendor:            Oracle Corporation
20-Feb-2020 19:17:56.950 INFO [main] org.apache.catalina.startup.VersionLoggerListener.log CATALINA_BASE:         /home/siarhei/Projects/bugofnet/kakugodno/site/localhost/apache-tomcat-9.0.31
20-Feb-2020 19:17:56.950 INFO [main] org.apache.catalina.startup.VersionLoggerListener.log CATALINA_HOME:         /home/siarhei/Projects/bugofnet/kakugodno/site/localhost/apache-tomcat-9.0.31
20-Feb-2020 19:17:56.951 INFO [main] org.apache.catalina.startup.VersionLoggerListener.log Command line argument: -Djava.util.logging.config.file=/home/siarhei/Projects/bugofnet/kakugodno/site/localhost/apache-tomcat-9.0.31/conf/logging.properties
20-Feb-2020 19:17:56.951 INFO [main] org.apache.catalina.startup.VersionLoggerListener.log Command line argument: -Djava.util.logging.manager=org.apache.juli.ClassLoaderLogManager
20-Feb-2020 19:17:56.951 INFO [main] org.apache.catalina.startup.VersionLoggerListener.log Command line argument: -Djdk.tls.ephemeralDHKeySize=2048
20-Feb-2020 19:17:56.951 INFO [main] org.apache.catalina.startup.VersionLoggerListener.log Command line argument: -Djava.protocol.handler.pkgs=org.apache.catalina.webresources
20-Feb-2020 19:17:56.951 INFO [main] org.apache.catalina.startup.VersionLoggerListener.log Command line argument: -Dorg.apache.catalina.security.SecurityListener.UMASK=0027
20-Feb-2020 19:17:56.952 INFO [main] org.apache.catalina.startup.VersionLoggerListener.log Command line argument: -Dignore.endorsed.dirs=
20-Feb-2020 19:17:56.952 INFO [main] org.apache.catalina.startup.VersionLoggerListener.log Command line argument: -Dcatalina.base=/home/siarhei/Projects/bugofnet/kakugodno/site/localhost/apache-tomcat-9.0.31
20-Feb-2020 19:17:56.952 INFO [main] org.apache.catalina.startup.VersionLoggerListener.log Command line argument: -Dcatalina.home=/home/siarhei/Projects/bugofnet/kakugodno/site/localhost/apache-tomcat-9.0.31
20-Feb-2020 19:17:56.952 INFO [main] org.apache.catalina.startup.VersionLoggerListener.log Command line argument: -Djava.io.tmpdir=/home/siarhei/Projects/bugofnet/kakugodno/site/localhost/apache-tomcat-9.0.31/temp
20-Feb-2020 19:17:56.952 INFO [main] org.apache.catalina.core.AprLifecycleListener.lifecycleEvent The APR based Apache Tomcat Native library which allows optimal performance in production environments was not found on the java.library.path: [/usr/java/packages/lib/amd64:/usr/lib64:/lib64:/lib:/usr/lib]
20-Feb-2020 19:17:57.193 INFO [main] org.apache.coyote.AbstractProtocol.init Initializing ProtocolHandler ["http-nio-8080"]
20-Feb-2020 19:17:57.209 INFO [main] org.apache.catalina.startup.Catalina.load Server initialization in [412] milliseconds
20-Feb-2020 19:17:57.226 INFO [main] org.apache.catalina.core.StandardService.startInternal Starting service [Catalina]
20-Feb-2020 19:17:57.227 INFO [main] org.apache.catalina.core.StandardEngine.startInternal Starting Servlet engine: [Apache Tomcat/9.0.31]
20-Feb-2020 19:17:57.232 INFO [main] org.apache.catalina.startup.HostConfig.deployDirectory Deploying web application directory [/home/siarhei/Projects/bugofnet/kakugodno/site/localhost/apache-tomcat-9.0.31/webapps/ROOT]
20-Feb-2020 19:17:57.417 INFO [main] org.apache.catalina.startup.HostConfig.deployDirectory Deployment of web application directory [/home/siarhei/Projects/bugofnet/kakugodno/site/localhost/apache-tomcat-9.0.31/webapps/ROOT] has finished in [185] ms
20-Feb-2020 19:17:57.420 INFO [main] org.apache.coyote.AbstractProtocol.start Starting ProtocolHandler ["http-nio-8080"]
20-Feb-2020 19:17:57.429 INFO [main] org.apache.catalina.startup.Catalina.start Server startup in [219] milliseconds
20-Feb-2020 20:44:59.577 INFO [main] org.apache.catalina.core.StandardServer.await A valid shutdown command was received via the shutdown port. Stopping the Server instance.
20-Feb-2020 20:44:59.577 INFO [main] org.apache.coyote.AbstractProtocol.pause Pausing ProtocolHandler ["http-nio-8080"]
20-Feb-2020 20:44:59.585 INFO [main] org.apache.catalina.core.StandardService.stopInternal Stopping service [Catalina]
20-Feb-2020 20:44:59.591 INFO [main] org.apache.coyote.AbstractProtocol.stop Stopping ProtocolHandler ["http-nio-8080"]
20-Feb-2020 20:44:59.593 INFO [main] org.apache.coyote.AbstractProtocol.destroy Destroying ProtocolHandler ["http-nio-8080"]
28-Feb-2020 08:49:01.908 INFO [main] org.apache.catalina.startup.VersionLoggerListener.log Server version name:   Apache Tomcat/9.0.31
28-Feb-2020 08:49:01.910 INFO [main] org.apache.catalina.startup.VersionLoggerListener.log Server built:          Feb 5 2020 19:32:12 UTC
28-Feb-2020 08:49:01.910 INFO [main] org.apache.catalina.startup.VersionLoggerListener.log Server version number: 9.0.31.0
28-Feb-2020 08:49:01.910 INFO [main] org.apache.catalina.startup.VersionLoggerListener.log OS Name:               Linux
28-Feb-2020 08:49:01.910 INFO [main] org.apache.catalina.startup.VersionLoggerListener.log OS Version:            5.3.0-40-generic
28-Feb-2020 08:49:01.910 INFO [main] org.apache.catalina.startup.VersionLoggerListener.log Architecture:          amd64
28-Feb-2020 08:49:01.910 INFO [main] org.apache.catalina.startup.VersionLoggerListener.log Java Home:             /home/siarhei/.sdkman/candidates/java/jdk1.8.0_231/jre
28-Feb-2020 08:49:01.910 INFO [main] org.apache.catalina.startup.VersionLoggerListener.log JVM Version:           1.8.0_231-b11
28-Feb-2020 08:49:01.910 INFO [main] org.apache.catalina.startup.VersionLoggerListener.log JVM Vendor:            Oracle Corporation
28-Feb-2020 08:49:01.910 INFO [main] org.apache.catalina.startup.VersionLoggerListener.log CATALINA_BASE:         /home/siarhei/Projects/bugofnet/kakugodno/site/localhost/apache-tomcat-9.0.31
28-Feb-2020 08:49:01.910 INFO [main] org.apache.catalina.startup.VersionLoggerListener.log CATALINA_HOME:         /home/siarhei/Projects/bugofnet/kakugodno/site/localhost/apache-tomcat-9.0.31
28-Feb-2020 08:49:01.911 INFO [main] org.apache.catalina.startup.VersionLoggerListener.log Command line argument: -Djava.util.logging.config.file=/home/siarhei/Projects/bugofnet/kakugodno/site/localhost/apache-tomcat-9.0.31/conf/logging.properties
28-Feb-2020 08:49:01.911 INFO [main] org.apache.catalina.startup.VersionLoggerListener.log Command line argument: -Djava.util.logging.manager=org.apache.juli.ClassLoaderLogManager
28-Feb-2020 08:49:01.911 INFO [main] org.apache.catalina.startup.VersionLoggerListener.log Command line argument: -Djdk.tls.ephemeralDHKeySize=2048
28-Feb-2020 08:49:01.911 INFO [main] org.apache.catalina.startup.VersionLoggerListener.log Command line argument: -Djava.protocol.handler.pkgs=org.apache.catalina.webresources
28-Feb-2020 08:49:01.911 INFO [main] org.apache.catalina.startup.VersionLoggerListener.log Command line argument: -Dorg.apache.catalina.security.SecurityListener.UMASK=0027
28-Feb-2020 08:49:01.912 INFO [main] org.apache.catalina.startup.VersionLoggerListener.log Command line argument: -Dignore.endorsed.dirs=
28-Feb-2020 08:49:01.912 INFO [main] org.apache.catalina.startup.VersionLoggerListener.log Command line argument: -Dcatalina.base=/home/siarhei/Projects/bugofnet/kakugodno/site/localhost/apache-tomcat-9.0.31
28-Feb-2020 08:49:01.912 INFO [main] org.apache.catalina.startup.VersionLoggerListener.log Command line argument: -Dcatalina.home=/home/siarhei/Projects/bugofnet/kakugodno/site/localhost/apache-tomcat-9.0.31
28-Feb-2020 08:49:01.912 INFO [main] org.apache.catalina.startup.VersionLoggerListener.log Command line argument: -Djava.io.tmpdir=/home/siarhei/Projects/bugofnet/kakugodno/site/localhost/apache-tomcat-9.0.31/temp
28-Feb-2020 08:49:01.912 INFO [main] org.apache.catalina.core.AprLifecycleListener.lifecycleEvent The APR based Apache Tomcat Native library which allows optimal performance in production environments was not found on the java.library.path: [/usr/java/packages/lib/amd64:/usr/lib64:/lib64:/lib:/usr/lib]
28-Feb-2020 08:49:02.123 INFO [main] org.apache.coyote.AbstractProtocol.init Initializing ProtocolHandler ["http-nio-8080"]
28-Feb-2020 08:49:02.143 INFO [main] org.apache.catalina.startup.Catalina.load Server initialization in [388] milliseconds
28-Feb-2020 08:49:02.165 INFO [main] org.apache.catalina.core.StandardService.startInternal Starting service [Catalina]
28-Feb-2020 08:49:02.165 INFO [main] org.apache.catalina.core.StandardEngine.startInternal Starting Servlet engine: [Apache Tomcat/9.0.31]
28-Feb-2020 08:49:02.171 INFO [main] org.apache.catalina.startup.HostConfig.deployDirectory Deploying web application directory [/home/siarhei/Projects/bugofnet/kakugodno/site/localhost/apache-tomcat-9.0.31/webapps/ROOT]
28-Feb-2020 08:49:02.381 INFO [main] org.apache.catalina.startup.HostConfig.deployDirectory Deployment of web application directory [/home/siarhei/Projects/bugofnet/kakugodno/site/localhost/apache-tomcat-9.0.31/webapps/ROOT] has finished in [209] ms
28-Feb-2020 08:49:02.383 INFO [main] org.apache.coyote.AbstractProtocol.start Starting ProtocolHandler ["http-nio-8080"]
28-Feb-2020 08:49:02.388 INFO [main] org.apache.catalina.startup.Catalina.start Server startup in [245] milliseconds
